[12:01:04] [main/INFO]: Loading Minecraft 1.19.2 with Fabric Loader 0.16.14
[12:01:04] [ForkJoinPool-1-worker-2/WARN]: Mod travelersbackpack uses the version fabric-1.19.2-8.2.40 which isn't compatible with Loader's extended semantic version format (Could not parse version number component 'fabric'!), SemVer is recommended for reliably evaluating dependencies and prioritizing newer version
[12:01:04] [main/INFO]: Loading 92 mods:
	- balm-fabric 4.6.0
	- bettercombat 1.7.1+1.19
	- cardinal-components 5.0.2
	   |-- cardinal-components-base 5.0.2
	   |-- cardinal-components-block 5.0.2
	   |-- cardinal-components-chunk 5.0.2
	   |-- cardinal-components-entity 5.0.2
	   |-- cardinal-components-item 5.0.2
	   |-- cardinal-components-level 5.0.2
	   |-- cardinal-components-scoreboard 5.0.2
	   \-- cardinal-components-world 5.0.2
	- cloth-config 8.2.88
	   \-- cloth-basic-math 0.6.1
	- fabric-api 0.77.0+1.19.2
	   |-- fabric-api-base 0.4.15+8f4e8eb390
	   |-- fabric-api-lookup-api-v1 1.6.14+93d8cb8290
	   |-- fabric-biome-api-v1 9.1.1+16f1e31390
	   |-- fabric-block-api-v1 1.0.2+e415d50e90
	   |-- fabric-blockrenderlayer-v1 1.1.25+cafc6e8e90
	   |-- fabric-client-tags-api-v1 1.0.5+b35fea8390
	   |-- fabric-command-api-v1 1.2.16+f71b366f90
	   |-- fabric-command-api-v2 2.2.1+413cbbc790
	   |-- fabric-commands-v0 0.2.33+df3654b390
	   |-- fabric-containers-v0 0.1.42+df3654b390
	   |-- fabric-content-registries-v0 3.5.2+7c6cd14d90
	   |-- fabric-convention-tags-v1 1.3.0+4bc6e26290
	   |-- fabric-crash-report-info-v1 0.2.8+aeb40ebe90
	   |-- fabric-data-generation-api-v1 5.3.9+413cbbc790
	   |-- fabric-dimensions-v1 2.1.35+0d0f210290
	   |-- fabric-entity-events-v1 1.5.4+9244241690
	   |-- fabric-events-interaction-v0 0.4.34+562bff6e90
	   |-- fabric-events-lifecycle-v0 0.2.36+df3654b390
	   |-- fabric-game-rule-api-v1 1.0.24+b6b6abb490
	   |-- fabric-item-api-v1 1.6.6+b7d1888890
	   |-- fabric-item-groups-v0 0.3.39+9244241690
	   |-- fabric-key-binding-api-v1 1.0.25+5c4fce2890
	   |-- fabric-keybindings-v0 0.2.23+df3654b390
	   |-- fabric-lifecycle-events-v1 2.2.4+1b46dc7890
	   |-- fabric-loot-api-v2 1.1.13+83a8659290
	   |-- fabric-loot-tables-v1 1.1.16+9e7660c690
	   |-- fabric-message-api-v1 5.0.7+93d8cb8290
	   |-- fabric-mining-level-api-v1 2.1.24+33fbc73890
	   |-- fabric-models-v0 0.3.21+c6af733c90
	   |-- fabric-networking-api-v1 1.2.12+def3f86d90
	   |-- fabric-networking-v0 0.3.29+df3654b390
	   |-- fabric-object-builder-api-v1 4.2.2+d8ef690890
	   |-- fabric-particles-v1 1.1.0+ee641e7390
	   |-- fabric-recipe-api-v1 1.0.2+413cbbc790
	   |-- fabric-registry-sync-v0 0.9.33+9244241690
	   |-- fabric-renderer-api-v1 1.2.1+1adbf27790
	   |-- fabric-renderer-indigo 0.8.0+1adbf27790
	   |-- fabric-renderer-registries-v1 3.2.25+df3654b390
	   |-- fabric-rendering-data-attachment-v1 0.3.19+6e0787e690
	   |-- fabric-rendering-fluids-v1 3.0.11+4d0d570390
	   |-- fabric-rendering-v0 1.1.28+df3654b390
	   |-- fabric-rendering-v1 1.13.0+526f2c6790
	   |-- fabric-resource-conditions-api-v1 2.1.2+aae9039d90
	   |-- fabric-resource-loader-v0 0.8.4+edbdcddb90
	   |-- fabric-screen-api-v1 1.0.32+4d0d570390
	   |-- fabric-screen-handler-api-v1 1.3.8+1cc24b1b90
	   |-- fabric-sound-api-v1 1.0.2+c4f28df590
	   |-- fabric-textures-v0 1.0.24+aeb40ebe90
	   |-- fabric-transfer-api-v1 2.1.6+413cbbc790
	   \-- fabric-transitive-access-wideners-v1 1.3.3+08b73de490
	- fabricloader 0.16.14
	   \-- mixinextras 0.4.1
	- geckolib3 3.1.40
	   \-- com_eliotlash_mclib_mclib 20
	- guardvillagers 2.0.7-1.19.2
	   \-- midnightlib 1.0.0
	- java 21
	- lootr 0.4.29.72
	- minecraft 1.19.2
	- numismatic-overhaul 0.2.11.1+1.19
	   |-- cardinal-components-base 5.0.2
	   |-- cardinal-components-entity 5.0.2
	   \-- stacc 1.5.6-pre.1+1.19.2
	- owo 0.9.3+1.19
	   \-- blue_endless_jankson 1.2.1
	- paladins 0.9.6+1.19.2
	- player-animator 1.0.2
	- runes 0.9.8+1.19
	- simplyswords 1.27-1.19.x
	- smallships 2.0.0-b1.3.1
	   \-- forgeconfigapiport 4.2.11
	        |-- com_electronwill_night-config_core 3.6.5
	        \-- com_electronwill_night-config_toml 3.6.5
	- spell_engine 0.9.26+1.19
	- spell_power 0.9.12+1.19
	- t_and_t 1.10
	- travelersbackpack fabric-1.19.2-8.2.40
	   \-- reach-entity-attributes 2.3.0
	- trinkets 3.4.2
	- universal-graves 2.1.3+1.19.2
	   |-- common-protection-api 1.0.0
	   |-- fabric-permissions-api-v0 0.1-SNAPSHOT
	   |-- hologram-api 0.2.2+1.19
	   |-- placeholder-api 2.0.0-pre.1+1.19.2
	   |-- polymer 0.2.17+1.19.2
	   |    |-- packet_tweaker 0.3.0+1.18.2
	   |    \-- polymer-registry-sync-manipulator 0.0.3+1.19.2
	   |-- server_translations_api 1.4.18+1.19.2
	   |    \-- packet_tweaker 0.3.0+1.18.2
	   \-- sgui 1.1.5+1.19.1
	- waystones 11.1.0
	- wizards 0.9.11+1.19
	- xaerominimap 25.2.6
	- yet-another-config-lib 2.2.0-for-1.19.2
[12:01:04] [main/INFO]: SpongePowered MIXIN Subsystem Version=0.8.7 Source=file:/C:/Games/MinecraftServer/LatServer/libraries/net/fabricmc/sponge-mixin/0.15.5+mixin.0.8.7/sponge-mixin-0.15.5+mixin.0.8.7.jar Service=Knot/Fabric Env=SERVER
[12:01:05] [main/INFO]: Compatibility level set to JAVA_17
[12:01:06] [main/INFO]: Initializing MixinExtras via com.llamalad7.mixinextras.service.MixinExtrasServiceImpl(version=0.4.1).
[12:01:19] [main/INFO]: Building unoptimized datafixer
[12:01:26] [main/INFO]: chyz: now i just need to painstakingly move jerry (the little tiny lil fella tiny guy man button) to correct spot when recipe book is opened
[12:01:26] [main/INFO]: Registering Mod Items for simplyswords
[12:01:27] [main/INFO]: Loading Towns and Towers!
[12:01:27] [main/INFO]: Registered the FluidEffect with Unique ID of minecraft:water for minecraft:water 81000 with the ID 0
[12:01:27] [main/INFO]: Registered the FluidEffect with Unique ID of minecraft:lava for minecraft:lava 81000 with the ID 1
[12:01:27] [main/INFO]: Registered the FluidEffect with Unique ID of travelersbackpack:potion for travelersbackpack:potion_still 27000 with the ID 2
[12:01:27] [main/INFO]: Registered the FluidEffect with Unique ID of travelersbackpack:milk for travelersbackpack:milk_still 81000 with the ID 3
[12:01:28] [main/INFO]: Loading Xaero's Minimap - Stage 1/2 (Server)
[12:01:28] [main/INFO]: Environment: authHost='https://authserver.mojang.com', accountsHost='https://api.mojang.com', sessionHost='https://sessionserver.mojang.com', servicesHost='https://api.minecraftservices.com', name='PROD'
[12:01:32] [main/INFO]: [fabric-registry-sync] Loaded registry data [file 1/4]
[12:01:36] [main/ERROR]: Parsing error loading recipe paladins:ruby_holy_staff
com.google.gson.JsonSyntaxException: Unknown item 'betternether:nether_ruby'
	at net.minecraft.class_1869.method_17878(class_1869.java:253) ~[server-intermediary.jar:?]
	at java.util.Optional.orElseThrow(Optional.java:403) ~[?:?]
	at net.minecraft.class_1869.method_8155(class_1869.java:253) ~[server-intermediary.jar:?]
	at net.minecraft.class_1856.method_8107(class_1856.java:162) ~[server-intermediary.jar:?]
	at net.minecraft.class_1856.method_8102(class_1856.java:145) ~[server-intermediary.jar:?]
	at net.minecraft.class_1869.method_8157(class_1869.java:233) ~[server-intermediary.jar:?]
	at net.minecraft.class_1869$class_1870.method_8164(class_1869.java:265) ~[server-intermediary.jar:?]
	at net.minecraft.class_1869$class_1870.method_8121(class_1869.java:260) ~[server-intermediary.jar:?]
	at net.minecraft.class_1863.method_17720(class_1863.java:135) ~[server-intermediary.jar:?]
	at net.minecraft.class_1863.method_20705(class_1863.java:56) ~[server-intermediary.jar:?]
	at net.minecraft.class_1863.method_18788(class_1863.java:35) ~[server-intermediary.jar:?]
	at net.minecraft.class_4080.method_18790(class_4080.java:13) ~[server-intermediary.jar:?]
	at java.util.concurrent.CompletableFuture$UniAccept.tryFire(CompletableFuture.java:718) ~[?:?]
	at java.util.concurrent.CompletableFuture$Completion.run(CompletableFuture.java:482) ~[?:?]
	at net.minecraft.class_4014.method_18365(class_4014.java:69) ~[server-intermediary.jar:?]
	at net.minecraft.class_156.method_43498(class_156.java:958) [server-intermediary.jar:?]
	at net.minecraft.class_156.method_43499(class_156.java:946) [server-intermediary.jar:?]
	at net.minecraft.server.Main.main(Main.java:156) [server-intermediary.jar:?]
	at net.fabricmc.loader.impl.game.minecraft.MinecraftGameProvider.launch(MinecraftGameProvider.java:480) [fabric-loader-0.16.14.jar:?]
	at net.fabricmc.loader.impl.launch.knot.Knot.launch(Knot.java:74) [fabric-loader-0.16.14.jar:?]
	at net.fabricmc.loader.impl.launch.knot.KnotServer.main(KnotServer.java:23) [fabric-loader-0.16.14.jar:?]
	at net.fabricmc.loader.impl.launch.server.FabricServerLauncher.main(FabricServerLauncher.java:69) [fabric-loader-0.16.14.jar:?]
[12:01:36] [main/ERROR]: Parsing error loading recipe wizards:staff_smaragdant_frost
com.google.gson.JsonSyntaxException: Unknown item 'betterend:smaragdant_crystal_shard'
	at net.minecraft.class_1869.method_17878(class_1869.java:253) ~[server-intermediary.jar:?]
	at java.util.Optional.orElseThrow(Optional.java:403) ~[?:?]
	at net.minecraft.class_1869.method_8155(class_1869.java:253) ~[server-intermediary.jar:?]
	at net.minecraft.class_1856.method_8107(class_1856.java:162) ~[server-intermediary.jar:?]
	at net.minecraft.class_1856.method_8102(class_1856.java:145) ~[server-intermediary.jar:?]
	at net.minecraft.class_1869.method_8157(class_1869.java:233) ~[server-intermediary.jar:?]
	at net.minecraft.class_1869$class_1870.method_8164(class_1869.java:265) ~[server-intermediary.jar:?]
	at net.minecraft.class_1869$class_1870.method_8121(class_1869.java:260) ~[server-intermediary.jar:?]
	at net.minecraft.class_1863.method_17720(class_1863.java:135) ~[server-intermediary.jar:?]
	at net.minecraft.class_1863.method_20705(class_1863.java:56) ~[server-intermediary.jar:?]
	at net.minecraft.class_1863.method_18788(class_1863.java:35) ~[server-intermediary.jar:?]
	at net.minecraft.class_4080.method_18790(class_4080.java:13) ~[server-intermediary.jar:?]
	at java.util.concurrent.CompletableFuture$UniAccept.tryFire(CompletableFuture.java:718) ~[?:?]
	at java.util.concurrent.CompletableFuture$Completion.run(CompletableFuture.java:482) ~[?:?]
	at net.minecraft.class_4014.method_18365(class_4014.java:69) ~[server-intermediary.jar:?]
	at net.minecraft.class_156.method_43498(class_156.java:958) [server-intermediary.jar:?]
	at net.minecraft.class_156.method_43499(class_156.java:946) [server-intermediary.jar:?]
	at net.minecraft.server.Main.main(Main.java:156) [server-intermediary.jar:?]
	at net.fabricmc.loader.impl.game.minecraft.MinecraftGameProvider.launch(MinecraftGameProvider.java:480) [fabric-loader-0.16.14.jar:?]
	at net.fabricmc.loader.impl.launch.knot.Knot.launch(Knot.java:74) [fabric-loader-0.16.14.jar:?]
	at net.fabricmc.loader.impl.launch.knot.KnotServer.main(KnotServer.java:23) [fabric-loader-0.16.14.jar:?]
	at net.fabricmc.loader.impl.launch.server.FabricServerLauncher.main(FabricServerLauncher.java:69) [fabric-loader-0.16.14.jar:?]
[12:01:36] [main/ERROR]: Parsing error loading recipe wizards:staff_crystal_arcane
com.google.gson.JsonSyntaxException: Unknown item 'betterend:crystal_shards'
	at net.minecraft.class_1869.method_17878(class_1869.java:253) ~[server-intermediary.jar:?]
	at java.util.Optional.orElseThrow(Optional.java:403) ~[?:?]
	at net.minecraft.class_1869.method_8155(class_1869.java:253) ~[server-intermediary.jar:?]
	at net.minecraft.class_1856.method_8107(class_1856.java:162) ~[server-intermediary.jar:?]
	at net.minecraft.class_1856.method_8102(class_1856.java:145) ~[server-intermediary.jar:?]
	at net.minecraft.class_1869.method_8157(class_1869.java:233) ~[server-intermediary.jar:?]
	at net.minecraft.class_1869$class_1870.method_8164(class_1869.java:265) ~[server-intermediary.jar:?]
	at net.minecraft.class_1869$class_1870.method_8121(class_1869.java:260) ~[server-intermediary.jar:?]
	at net.minecraft.class_1863.method_17720(class_1863.java:135) ~[server-intermediary.jar:?]
	at net.minecraft.class_1863.method_20705(class_1863.java:56) ~[server-intermediary.jar:?]
	at net.minecraft.class_1863.method_18788(class_1863.java:35) ~[server-intermediary.jar:?]
	at net.minecraft.class_4080.method_18790(class_4080.java:13) ~[server-intermediary.jar:?]
	at java.util.concurrent.CompletableFuture$UniAccept.tryFire(CompletableFuture.java:718) ~[?:?]
	at java.util.concurrent.CompletableFuture$Completion.run(CompletableFuture.java:482) ~[?:?]
	at net.minecraft.class_4014.method_18365(class_4014.java:69) ~[server-intermediary.jar:?]
	at net.minecraft.class_156.method_43498(class_156.java:958) [server-intermediary.jar:?]
	at net.minecraft.class_156.method_43499(class_156.java:946) [server-intermediary.jar:?]
	at net.minecraft.server.Main.main(Main.java:156) [server-intermediary.jar:?]
	at net.fabricmc.loader.impl.game.minecraft.MinecraftGameProvider.launch(MinecraftGameProvider.java:480) [fabric-loader-0.16.14.jar:?]
	at net.fabricmc.loader.impl.launch.knot.Knot.launch(Knot.java:74) [fabric-loader-0.16.14.jar:?]
	at net.fabricmc.loader.impl.launch.knot.KnotServer.main(KnotServer.java:23) [fabric-loader-0.16.14.jar:?]
	at net.fabricmc.loader.impl.launch.server.FabricServerLauncher.main(FabricServerLauncher.java:69) [fabric-loader-0.16.14.jar:?]
[12:01:36] [main/ERROR]: Parsing error loading recipe paladins:aeternium_claymore
com.google.gson.JsonSyntaxException: Unknown item 'betterend:aeternium_ingot'
	at net.minecraft.class_1869.method_17878(class_1869.java:253) ~[server-intermediary.jar:?]
	at java.util.Optional.orElseThrow(Optional.java:403) ~[?:?]
	at net.minecraft.class_1869.method_8155(class_1869.java:253) ~[server-intermediary.jar:?]
	at net.minecraft.class_1856.method_8107(class_1856.java:162) ~[server-intermediary.jar:?]
	at net.minecraft.class_1856.method_8102(class_1856.java:145) ~[server-intermediary.jar:?]
	at net.minecraft.class_1869.method_8157(class_1869.java:233) ~[server-intermediary.jar:?]
	at net.minecraft.class_1869$class_1870.method_8164(class_1869.java:265) ~[server-intermediary.jar:?]
	at net.minecraft.class_1869$class_1870.method_8121(class_1869.java:260) ~[server-intermediary.jar:?]
	at net.minecraft.class_1863.method_17720(class_1863.java:135) ~[server-intermediary.jar:?]
	at net.minecraft.class_1863.method_20705(class_1863.java:56) ~[server-intermediary.jar:?]
	at net.minecraft.class_1863.method_18788(class_1863.java:35) ~[server-intermediary.jar:?]
	at net.minecraft.class_4080.method_18790(class_4080.java:13) ~[server-intermediary.jar:?]
	at java.util.concurrent.CompletableFuture$UniAccept.tryFire(CompletableFuture.java:718) ~[?:?]
	at java.util.concurrent.CompletableFuture$Completion.run(CompletableFuture.java:482) ~[?:?]
	at net.minecraft.class_4014.method_18365(class_4014.java:69) ~[server-intermediary.jar:?]
	at net.minecraft.class_156.method_43498(class_156.java:958) [server-intermediary.jar:?]
	at net.minecraft.class_156.method_43499(class_156.java:946) [server-intermediary.jar:?]
	at net.minecraft.server.Main.main(Main.java:156) [server-intermediary.jar:?]
	at net.fabricmc.loader.impl.game.minecraft.MinecraftGameProvider.launch(MinecraftGameProvider.java:480) [fabric-loader-0.16.14.jar:?]
	at net.fabricmc.loader.impl.launch.knot.Knot.launch(Knot.java:74) [fabric-loader-0.16.14.jar:?]
	at net.fabricmc.loader.impl.launch.knot.KnotServer.main(KnotServer.java:23) [fabric-loader-0.16.14.jar:?]
	at net.fabricmc.loader.impl.launch.server.FabricServerLauncher.main(FabricServerLauncher.java:69) [fabric-loader-0.16.14.jar:?]
[12:01:36] [main/ERROR]: Parsing error loading recipe wizards:staff_ruby_fire
com.google.gson.JsonSyntaxException: Unknown item 'betternether:nether_ruby'
	at net.minecraft.class_1869.method_17878(class_1869.java:253) ~[server-intermediary.jar:?]
	at java.util.Optional.orElseThrow(Optional.java:403) ~[?:?]
	at net.minecraft.class_1869.method_8155(class_1869.java:253) ~[server-intermediary.jar:?]
	at net.minecraft.class_1856.method_8107(class_1856.java:162) ~[server-intermediary.jar:?]
	at net.minecraft.class_1856.method_8102(class_1856.java:145) ~[server-intermediary.jar:?]
	at net.minecraft.class_1869.method_8157(class_1869.java:233) ~[server-intermediary.jar:?]
	at net.minecraft.class_1869$class_1870.method_8164(class_1869.java:265) ~[server-intermediary.jar:?]
	at net.minecraft.class_1869$class_1870.method_8121(class_1869.java:260) ~[server-intermediary.jar:?]
	at net.minecraft.class_1863.method_17720(class_1863.java:135) ~[server-intermediary.jar:?]
	at net.minecraft.class_1863.method_20705(class_1863.java:56) ~[server-intermediary.jar:?]
	at net.minecraft.class_1863.method_18788(class_1863.java:35) ~[server-intermediary.jar:?]
	at net.minecraft.class_4080.method_18790(class_4080.java:13) ~[server-intermediary.jar:?]
	at java.util.concurrent.CompletableFuture$UniAccept.tryFire(CompletableFuture.java:718) ~[?:?]
	at java.util.concurrent.CompletableFuture$Completion.run(CompletableFuture.java:482) ~[?:?]
	at net.minecraft.class_4014.method_18365(class_4014.java:69) ~[server-intermediary.jar:?]
	at net.minecraft.class_156.method_43498(class_156.java:958) [server-intermediary.jar:?]
	at net.minecraft.class_156.method_43499(class_156.java:946) [server-intermediary.jar:?]
	at net.minecraft.server.Main.main(Main.java:156) [server-intermediary.jar:?]
	at net.fabricmc.loader.impl.game.minecraft.MinecraftGameProvider.launch(MinecraftGameProvider.java:480) [fabric-loader-0.16.14.jar:?]
	at net.fabricmc.loader.impl.launch.knot.Knot.launch(Knot.java:74) [fabric-loader-0.16.14.jar:?]
	at net.fabricmc.loader.impl.launch.knot.KnotServer.main(KnotServer.java:23) [fabric-loader-0.16.14.jar:?]
	at net.fabricmc.loader.impl.launch.server.FabricServerLauncher.main(FabricServerLauncher.java:69) [fabric-loader-0.16.14.jar:?]
[12:01:36] [main/ERROR]: Parsing error loading recipe paladins:aeternium_great_hammer
com.google.gson.JsonSyntaxException: Unknown item 'betterend:aeternium_ingot'
	at net.minecraft.class_1869.method_17878(class_1869.java:253) ~[server-intermediary.jar:?]
	at java.util.Optional.orElseThrow(Optional.java:403) ~[?:?]
	at net.minecraft.class_1869.method_8155(class_1869.java:253) ~[server-intermediary.jar:?]
	at net.minecraft.class_1856.method_8107(class_1856.java:162) ~[server-intermediary.jar:?]
	at net.minecraft.class_1856.method_8102(class_1856.java:145) ~[server-intermediary.jar:?]
	at net.minecraft.class_1869.method_8157(class_1869.java:233) ~[server-intermediary.jar:?]
	at net.minecraft.class_1869$class_1870.method_8164(class_1869.java:265) ~[server-intermediary.jar:?]
	at net.minecraft.class_1869$class_1870.method_8121(class_1869.java:260) ~[server-intermediary.jar:?]
	at net.minecraft.class_1863.method_17720(class_1863.java:135) ~[server-intermediary.jar:?]
	at net.minecraft.class_1863.method_20705(class_1863.java:56) ~[server-intermediary.jar:?]
	at net.minecraft.class_1863.method_18788(class_1863.java:35) ~[server-intermediary.jar:?]
	at net.minecraft.class_4080.method_18790(class_4080.java:13) ~[server-intermediary.jar:?]
	at java.util.concurrent.CompletableFuture$UniAccept.tryFire(CompletableFuture.java:718) ~[?:?]
	at java.util.concurrent.CompletableFuture$Completion.run(CompletableFuture.java:482) ~[?:?]
	at net.minecraft.class_4014.method_18365(class_4014.java:69) ~[server-intermediary.jar:?]
	at net.minecraft.class_156.method_43498(class_156.java:958) [server-intermediary.jar:?]
	at net.minecraft.class_156.method_43499(class_156.java:946) [server-intermediary.jar:?]
	at net.minecraft.server.Main.main(Main.java:156) [server-intermediary.jar:?]
	at net.fabricmc.loader.impl.game.minecraft.MinecraftGameProvider.launch(MinecraftGameProvider.java:480) [fabric-loader-0.16.14.jar:?]
	at net.fabricmc.loader.impl.launch.knot.Knot.launch(Knot.java:74) [fabric-loader-0.16.14.jar:?]
	at net.fabricmc.loader.impl.launch.knot.KnotServer.main(KnotServer.java:23) [fabric-loader-0.16.14.jar:?]
	at net.fabricmc.loader.impl.launch.server.FabricServerLauncher.main(FabricServerLauncher.java:69) [fabric-loader-0.16.14.jar:?]
[12:01:36] [main/INFO]: Loaded 8 recipes
[12:01:37] [main/ERROR]: Parsing error loading custom advancement wizards:spell_master_frost: Invalid criterion trigger: spell_engine:spell_cast
[12:01:37] [main/ERROR]: Parsing error loading custom advancement wizards:spell_master_arcane: Invalid criterion trigger: spell_engine:spell_cast
[12:01:37] [main/ERROR]: Parsing error loading custom advancement wizards:spell_master_fire: Invalid criterion trigger: spell_engine:spell_cast
[12:01:37] [main/INFO]: Loaded 1360 advancements
[12:01:37] [ForkJoinPool.commonPool-worker-1/INFO]: Loaded 5483 translation keys
[12:01:40] [main/INFO]: Applied 63 biome modifications to 63 of 63 new biomes in 30.28 ms
[12:01:41] [Server thread/INFO]: Starting minecraft server version 1.19.2
[12:01:41] [Server thread/INFO]: Loading properties
[12:01:41] [Server thread/INFO]: Default game type: SURVIVAL
[12:01:41] [Server thread/INFO]: Generating keypair
[12:01:41] [Server thread/INFO]: Starting Minecraft server on *:25565
[12:01:42] [Server thread/INFO]: Using default channel type
[12:01:42] [Server thread/WARN]: **** SERVER IS RUNNING IN OFFLINE/INSECURE MODE!
[12:01:42] [Server thread/WARN]: The server will make no attempt to authenticate usernames. Beware.
[12:01:42] [Server thread/WARN]: While this makes the game possible to play without internet access, it also opens up the ability for hackers to connect with any username they choose.
[12:01:42] [Server thread/WARN]: To change this, set "online-mode" to "true" in the server.properties file.
[12:01:42] [Server thread/INFO]: Preparing level "world_2"
[12:01:43] [Server thread/INFO]: Preparing start region for dimension minecraft:overworld
[12:01:56] [Worker-Main-9/INFO]: Preparing spawn area: 0%
[12:01:56] [Worker-Main-9/INFO]: Preparing spawn area: 0%
[12:01:56] [Worker-Main-9/INFO]: Preparing spawn area: 0%
[12:01:56] [Worker-Main-3/INFO]: Preparing spawn area: 0%
[12:01:56] [Worker-Main-1/INFO]: Preparing spawn area: 0%
[12:01:56] [Worker-Main-13/INFO]: Preparing spawn area: 0%
[12:01:56] [Worker-Main-10/INFO]: Preparing spawn area: 0%
[12:01:56] [Worker-Main-1/INFO]: Preparing spawn area: 0%
[12:01:56] [Worker-Main-1/INFO]: Preparing spawn area: 0%
[12:01:56] [Worker-Main-8/INFO]: Preparing spawn area: 0%
[12:01:56] [Worker-Main-8/INFO]: Preparing spawn area: 0%
[12:01:56] [Worker-Main-8/INFO]: Preparing spawn area: 0%
[12:01:56] [Worker-Main-8/INFO]: Preparing spawn area: 0%
[12:01:56] [Worker-Main-8/INFO]: Preparing spawn area: 0%
[12:01:56] [Worker-Main-8/INFO]: Preparing spawn area: 0%
[12:01:56] [Worker-Main-8/INFO]: Preparing spawn area: 0%
[12:01:56] [Worker-Main-6/INFO]: Preparing spawn area: 0%
[12:01:56] [Worker-Main-6/INFO]: Preparing spawn area: 0%
[12:01:56] [Worker-Main-6/INFO]: Preparing spawn area: 0%
[12:01:56] [Worker-Main-8/INFO]: Preparing spawn area: 0%
[12:01:56] [Worker-Main-8/INFO]: Preparing spawn area: 0%
[12:01:56] [Worker-Main-8/INFO]: Preparing spawn area: 0%
[12:01:56] [Worker-Main-8/INFO]: Preparing spawn area: 0%
[12:01:56] [Worker-Main-8/INFO]: Preparing spawn area: 0%
[12:01:56] [Worker-Main-7/INFO]: Preparing spawn area: 0%
[12:01:56] [Worker-Main-7/INFO]: Preparing spawn area: 0%
[12:01:56] [Worker-Main-6/INFO]: Preparing spawn area: 0%
[12:01:57] [Worker-Main-8/INFO]: Preparing spawn area: 0%
[12:01:57] [Worker-Main-3/INFO]: Preparing spawn area: 0%
[12:01:58] [Worker-Main-8/INFO]: Preparing spawn area: 49%
[12:01:58] [Worker-Main-3/INFO]: Preparing spawn area: 56%
[12:02:00] [Server thread/INFO]: Time elapsed: 16554 ms
[12:02:00] [Server thread/INFO]: Done (17.655s)! For help, type "help"
[12:02:00] [Server thread/INFO]: Encoded Weapon Attribute registry size (with package overhead): 90668 bytes (in 10 string chunks with the size of 10000)
[12:02:01] [Server thread/INFO]: [STDOUT]: Encoded SpellRegistry size (with package overhead): 41377 bytes (in 5 string chunks with the size of 10000)
[12:02:01] [Server thread/INFO]: Loading Xaero's Minimap - Stage 2/2 (Server)
[12:04:19] [Server thread/INFO]: [Handshake] Sending channel query
[12:04:19] [Netty Server IO #1/INFO]: [Handshake] Receiving client channels
[12:04:19] [Netty Server IO #1/INFO]: [Handshake] Handshake completed successfully
[12:04:20] [Server thread/INFO]: LAT_ROMMI[/127.0.0.1:64241] logged in with entity id 143 at (-145.79199912945415, 79.0, 144.8107329335072)
[12:04:20] [Server thread/INFO]: Loading config from file...
[12:04:20] [Server thread/INFO]: LAT_ROMMI joined the game
[12:04:28] [Server thread/WARN]: Can't keep up! Is the server overloaded? Running 2010ms or 40 ticks behind
[12:20:06] [Server thread/WARN]: Can't keep up! Is the server overloaded? Running 2093ms or 41 ticks behind
[12:30:17] [Server thread/WARN]: Can't keep up! Is the server overloaded? Running 2203ms or 44 ticks behind
[12:36:45] [Server thread/WARN]: Can't keep up! Is the server overloaded? Running 2047ms or 40 ticks behind
[12:46:18] [Server thread/WARN]: Can't keep up! Is the server overloaded? Running 2152ms or 43 ticks behind
[12:47:38] [Server thread/WARN]: Can't keep up! Is the server overloaded? Running 2108ms or 42 ticks behind
[12:54:02] [Server thread/WARN]: Can't keep up! Is the server overloaded? Running 2154ms or 43 ticks behind
[12:54:54] [Server thread/WARN]: Can't keep up! Is the server overloaded? Running 2166ms or 43 ticks behind
[13:01:18] [Server thread/WARN]: Can't keep up! Is the server overloaded? Running 4511ms or 90 ticks behind
[13:01:39] [Server thread/WARN]: Can't keep up! Is the server overloaded? Running 2023ms or 40 ticks behind
[13:06:21] [Server thread/INFO]: LAT_ROMMI was slain by Enderman
[13:06:35] [Server thread/WARN]: Can't keep up! Is the server overloaded? Running 2339ms or 46 ticks behind
[13:06:55] [Server thread/WARN]: Can't keep up! Is the server overloaded? Running 2376ms or 47 ticks behind
[13:07:22] [Server thread/WARN]: Can't keep up! Is the server overloaded? Running 2196ms or 43 ticks behind
[13:09:04] [Server thread/WARN]: Can't keep up! Is the server overloaded? Running 2106ms or 42 ticks behind
[13:13:35] [Server thread/WARN]: Can't keep up! Is the server overloaded? Running 2104ms or 42 ticks behind
[13:14:09] [Server thread/INFO]: LAT_ROMMI was slain by Enderman
[13:14:24] [Server thread/WARN]: Can't keep up! Is the server overloaded? Running 2271ms or 45 ticks behind
[13:14:45] [Server thread/WARN]: Can't keep up! Is the server overloaded? Running 5517ms or 110 ticks behind
[13:16:46] [Server thread/WARN]: Can't keep up! Is the server overloaded? Running 2052ms or 41 ticks behind
[13:21:26] [Server thread/WARN]: Can't keep up! Is the server overloaded? Running 2034ms or 40 ticks behind
[13:24:52] [Server thread/WARN]: Can't keep up! Is the server overloaded? Running 2040ms or 40 ticks behind
[13:40:17] [Server thread/WARN]: Can't keep up! Is the server overloaded? Running 2051ms or 41 ticks behind
[13:45:50] [Server thread/INFO]: LAT_ROMMI lost connection: Disconnected
[13:45:50] [Server thread/INFO]: LAT_ROMMI left the game
[13:48:18] [Server thread/INFO]: Stopping the server
[13:48:18] [Server thread/INFO]: Stopping server
[13:48:18] [Server thread/INFO]: Saving players
[13:48:18] [Server thread/INFO]: Saving worlds
[13:48:19] [Server thread/INFO]: Saving chunks for level 'ServerLevel[world_2]'/minecraft:overworld
[13:48:19] [Server thread/INFO]: Saving chunks for level 'ServerLevel[world_2]'/minecraft:the_end
[13:48:19] [Server thread/INFO]: Saving chunks for level 'ServerLevel[world_2]'/minecraft:the_nether
[13:48:19] [Server thread/INFO]: ThreadedAnvilChunkStorage (world_2): All chunks are saved
[13:48:19] [Server thread/INFO]: ThreadedAnvilChunkStorage (DIM1): All chunks are saved
[13:48:19] [Server thread/INFO]: ThreadedAnvilChunkStorage (DIM-1): All chunks are saved
[13:48:19] [Server thread/INFO]: ThreadedAnvilChunkStorage: All dimensions are saved
